        Time                X1                X2                DX        Collision
   10.000000   -4.06455063e-03   -1.05070343e-02    3.74103561e-05                 3 [ -6.48789038e-162.05933636e-030.00000000e+00 ]                 51
   20.000000   -3.78316584e-03   -1.60045890e-02    1.01957916e-04                 3 [ 7.86264272e-16-3.43821842e-030.00000000e+00 ]                 51
   30.000000   -3.94295768e-03   -1.43321625e-02    1.90538036e-04                 3 [ -1.08877071e-15-1.76579188e-030.00000000e+00 ]                 51
   40.000000   -3.96811399e-03   -1.11827365e-02    3.60296706e-04                 3 [ -3.22609485e-161.38363415e-030.00000000e+00 ]                 51
   50.000000   -4.10947030e-03   -1.06526992e-02    6.46938195e-04                 3 [ -1.65598448e-161.91367145e-030.00000000e+00 ]                 51
   60.000000   -4.07675899e-03   -1.18467667e-02    1.03785638e-03                 3 [ -8.04632212e-167.19603868e-040.00000000e+00 ]                 51
   70.000000   -4.06449827e-03   -1.19400377e-02    1.47507378e-03                 3 [ -1.79556718e-166.26332918e-040.00000000e+00 ]                 51
   80.000000   -4.14307470e-03   -1.24126110e-02    1.98904467e-03                 3 [ -2.20372800e-161.53759581e-040.00000000e+00 ]                 51
   90.000000   -4.21178170e-03   -1.22826584e-02    2.57150336e-03                 3 [ 6.78228214e-172.83712259e-040.00000000e+00 ]                 51
  100.000000   -4.14938307e-03   -1.23613179e-02    3.21813726e-03                 3 [ 8.54766543e-162.05052713e-040.00000000e+00 ]                 51
  110.000000   -4.19280852e-03   -1.20270872e-02    3.92909844e-03                 3 [ -2.34645199e-175.39283384e-040.00000000e+00 ]                 51
  120.000000   -4.27189370e-03   -1.19345680e-02    4.73107757e-03                 3 [ -2.42734470e-166.31802602e-040.00000000e+00 ]                 51
  130.000000   -4.24248652e-03   -1.20718865e-02    5.62329364e-03                 3 [ 8.01056652e-164.94484074e-040.00000000e+00 ]                 51
  140.000000   -4.25377328e-03   -1.18762734e-02    6.60127780e-03                 3 [ 5.81985750e-166.90097250e-040.00000000e+00 ]                 51
  150.000000   -4.30348610e-03   -1.20854010e-02    7.67923487e-03                 3 [ -1.73714546e-164.80969618e-040.00000000e+00 ]                 51
  160.000000   -4.33630114e-03   -1.20231959e-02    8.83782792e-03                 3 [ 8.89191365e-165.43174676e-040.00000000e+00 ]                 51
  170.000000   -4.30039258e-03   -1.20963362e-02    1.00803152e-02                 3 [ 6.42775055e-164.70034393e-040.00000000e+00 ]                 51
  180.000000   -4.33474611e-03   -1.20971880e-02    1.13981937e-02                 3 [ 4.04097383e-174.69182621e-040.00000000e+00 ]                 51
  190.000000   -4.38338977e-03   -1.20649805e-02    1.27918206e-02                 3 [ -7.66239107e-175.01390091e-040.00000000e+00 ]                 51
  200.000000   -4.38397582e-03   -1.20525534e-02    1.42647115e-02                 3 [ -1.10500329e-155.13817237e-040.00000000e+00 ]                 51
  210.000000   -4.35518080e-03   -1.19533952e-02    1.58221790e-02                 3 [ 6.44240766e-166.12975402e-040.00000000e+00 ]                 51
  220.000000   -4.42707654e-03   -1.19681554e-02    1.74757513e-02                 3 [ -3.65391322e-165.98215174e-040.00000000e+00 ]                 51
  230.000000   -4.42784651e-03   -1.19332996e-02    1.92256781e-02                 3 [ 2.60730479e-166.33071041e-040.00000000e+00 ]                 51
  240.000000   -4.42013357e-03   -1.19343619e-02    2.10761634e-02                 3 [ 6.38076960e-166.32008714e-040.00000000e+00 ]                 51
  250.000000   -4.44302918e-03   -1.19590038e-02    2.30263879e-02                 3 [ -3.07931284e-166.07366859e-040.00000000e+00 ]                 51
  260.000000   -4.43790740e-03   -1.19598835e-02    2.50737144e-02                 3 [ -1.04893277e-156.06487112e-040.00000000e+00 ]                 51
  270.000000   -4.53936620e-03   -1.19603691e-02    2.72179212e-02                 3 [ -5.74285779e-166.06001536e-040.00000000e+00 ]                 51
  280.000000   -4.44654679e-03   -1.19580415e-02    2.94577303e-02                 3 [ -4.20391749e-166.08329074e-040.00000000e+00 ]                 51
  290.000000   -4.51497385e-03   -1.19106837e-02    3.17966567e-02                 3 [ 6.43953450e-166.55686902e-040.00000000e+00 ]                 51
  300.000000   -4.54119976e-03   -1.19362125e-02    3.42386805e-02                 3 [ 8.44914869e-166.30158103e-040.00000000e+00 ]                 51
  310.000000   -4.55939741e-03   -1.18737342e-02    3.67832613e-02                 3 [ -7.13109795e-166.92636430e-040.00000000e+00 ]                 41
  320.000000   -4.55009615e-03   -1.19134796e-02    3.94361627e-02                 3 [ 1.06195783e-156.52891003e-040.00000000e+00 ]                 41
  330.000000   -4.64116977e-03   -1.19062131e-02    4.21970165e-02                 3 [ 2.01341581e-166.60157486e-040.00000000e+00 ]                 41
  340.000000   -4.54738474e-03   -1.18990613e-02    4.50681528e-02                 3 [ -4.65160771e-166.67309265e-040.00000000e+00 ]                 41
  350.000000   -4.57235544e-03   -1.18833409e-02    4.80474083e-02                 3 [ 1.74176675e-166.83029734e-040.00000000e+00 ]                 41
  360.000000   -4.57977090e-03   -1.19135845e-02    5.11338335e-02                 3 [ -7.83041618e-166.52786097e-040.00000000e+00 ]                 41
  370.000000   -4.64270444e-03   -1.19952086e-02    5.43204688e-02                 3 [ 9.65419349e-165.71161979e-040.00000000e+00 ]                 41
  380.000000   -4.62663988e-03   -1.19739848e-02    5.76005711e-02                 3 [ 1.80845536e-165.92385778e-040.00000000e+00 ]                 41
  390.000000   -4.60968062e-03   -1.19755738e-02    6.09760959e-02                 3 [ -7.14920617e-165.90796814e-040.00000000e+00 ]                 41
  400.000000   -4.64300106e-03   -1.17982032e-02    6.44526862e-02                 3 [ -1.48767258e-167.68167444e-040.00000000e+00 ]                 41
  410.000000   -4.65093166e-03   -1.17297701e-02    6.80513062e-02                 3 [ 8.24386059e-168.36600468e-040.00000000e+00 ]                 41
  420.000000   -4.66552099e-03   -1.16365780e-02    7.17845586e-02                 3 [ 6.03453218e-169.29792619e-040.00000000e+00 ]                 41
  430.000000   -4.61110422e-03   -1.16928661e-02    7.56631525e-02                 3 [ 1.47323820e-158.73504535e-040.00000000e+00 ]                 41
  440.000000   -4.71087077e-03   -1.17853869e-02    7.96775090e-02                 3 [ 1.15202395e-157.80983676e-040.00000000e+00 ]                 41
  450.000000   -4.69445196e-03   -1.18465126e-02    8.38159924e-02                 3 [ 1.74111652e-167.19858045e-040.00000000e+00 ]                 41
  460.000000   -4.69169868e-03   -1.18930751e-02    8.80694449e-02                 3 [ 3.37592922e-166.73295523e-040.00000000e+00 ]                 41
  470.000000   -4.67589171e-03   -1.17967090e-02    9.24345331e-02                 3 [ 3.82751266e-167.69661622e-040.00000000e+00 ]                 41
  480.000000   -4.72279279e-03   -1.17595749e-02    9.69221980e-02                 3 [ -9.34628357e-168.06795741e-040.00000000e+00 ]                 41
  490.000000   -4.73225242e-03   -1.17213006e-02    1.01538805e-01                 3 [ -1.38341354e-158.45070008e-040.00000000e+00 ]                 41
  500.000000   -4.71641932e-03   -1.16690323e-02    1.06290392e-01                 3 [ -4.10284787e-168.97338279e-040.00000000e+00 ]                 41
  510.000000   -4.73733242e-03   -1.16958637e-02    1.11183727e-01                 3 [ 2.11714351e-158.70506879e-040.00000000e+00 ]                 41
  520.000000   -4.72389622e-03   -1.16958551e-02    1.16215791e-01                 3 [ -5.28660837e-168.70515528e-040.00000000e+00 ]                 41
  530.000000   -4.76332580e-03   -1.17365802e-02    1.21386661e-01                 3 [ -2.77426428e-168.29790371e-040.00000000e+00 ]                 41
  540.000000   -4.80225235e-03   -1.17643142e-02    1.26691190e-01                 3 [ -6.46379379e-178.02056447e-040.00000000e+00 ]                 41
  550.000000   -4.72451759e-03   -1.17218422e-02    1.32125138e-01                 3 [ -6.79369552e-168.44528435e-040.00000000e+00 ]                 41
  560.000000   -4.80563636e-03   -1.17117743e-02    1.37693968e-01                 3 [ 1.83731717e-168.54596333e-040.00000000e+00 ]                 41
  570.000000   -4.78780947e-03   -1.18200692e-02    1.43402650e-01                 3 [ -1.26289778e-157.46301414e-040.00000000e+00 ]                 41
  580.000000   -4.79428226e-03   -1.15455462e-02    1.49252098e-01                 3 [ -7.31841390e-161.02082438e-030.00000000e+00 ]                 41
  590.000000   -4.51355035e-03   -1.14465496e-02    1.55264641e-01                 3 [ -8.51823157e-161.11982104e-030.00000000e+00 ]                 41
  600.000000   -4.86017237e-03   -1.13622658e-02    1.61442233e-01                 3 [ -7.13544208e-161.20410486e-030.00000000e+00 ]                 41
  610.000000   -4.87805256e-03   -1.14070981e-02    1.67799491e-01                 3 [ 5.03577829e-161.15927252e-030.00000000e+00 ]                 41
  620.000000   -4.82869627e-03   -1.15266599e-02    1.74336361e-01                 3 [ 4.87711830e-161.03971076e-030.00000000e+00 ]                 41
  630.000000   -4.86233332e-03   -1.13783071e-02    1.81050691e-01                 3 [ -1.62866349e-151.18806347e-030.00000000e+00 ]                 41
  640.000000   -4.70014709e-03   -1.13666763e-02    1.87954409e-01                 3 [ -4.85279946e-161.19969427e-030.00000000e+00 ]                 41
  650.000000   -4.85374212e-03   -1.12755675e-02    1.95037709e-01                 3 [ 2.84706620e-161.29080307e-030.00000000e+00 ]                 41
  660.000000   -4.86985960e-03   -1.13247359e-02    2.02313725e-01                 3 [ -1.01424344e-151.24163472e-030.00000000e+00 ]                 41
  670.000000   -4.83600537e-03   -1.13477676e-02    2.09784175e-01                 3 [ 3.45926138e-171.21860300e-030.00000000e+00 ]                 41
  680.000000   -4.88778735e-03   -1.12615669e-02    2.17454767e-01                 3 [ -3.11340936e-161.30480373e-030.00000000e+00 ]                 41
  690.000000   -4.92022257e-03   -1.12745622e-02    2.25334603e-01                 3 [ 1.68895659e-151.29180837e-030.00000000e+00 ]                 41
  700.000000   -4.88504174e-03   -1.11985817e-02    2.33422763e-01                 3 [ 5.77185826e-161.36778891e-030.00000000e+00 ]                 41
  710.000000   -4.91494228e-03   -1.12118608e-02    2.41725557e-01                 3 [ -4.29526172e-161.35450986e-030.00000000e+00 ]                 41
  720.000000   -4.98446247e-03   -1.12891173e-02    2.50242044e-01                 3 [ -8.90774152e-161.27725327e-030.00000000e+00 ]                 41
  730.000000   -4.97397723e-03   -1.12336619e-02    2.58967393e-01                 3 [ -4.77852631e-161.33270872e-030.00000000e+00 ]                 41
  740.000000   -4.88845633e-03   -1.12480833e-02    2.67905557e-01                 3 [ -1.97482026e-161.31828735e-030.00000000e+00 ]                 41
  750.000000   -6.01668625e-03   -1.15277361e-02    2.77072206e-01                 3 [ 1.59676235e-151.03863456e-030.00000000e+00 ]                 41
  760.000000   -4.78906073e-03   -1.06724508e-02    2.86485145e-01                 3 [ -3.74600003e-161.89391986e-030.00000000e+00 ]                 41
  770.000000   -4.82547655e-03   -9.87481081e-03    2.96193812e-01                 3 [ 4.49161243e-162.69155981e-030.00000000e+00 ]                 41
  780.000000   -5.35405505e-03   -1.04155526e-02    3.06247253e-01                 3 [ 4.55705314e-162.15081806e-030.00000000e+00 ]                 41
  790.000000   -5.45874202e-03   -9.90915378e-03    3.16644489e-01                 3 [ 3.82550572e-162.65721683e-030.00000000e+00 ]                 41
  800.000000   -5.56399845e-03   -1.04399762e-02    3.27436185e-01                 3 [ 8.35685670e-162.12639440e-030.00000000e+00 ]                 41
  810.000000   -5.77273950e-03   -9.68703480e-03    3.38599298e-01                 3 [ -7.71684284e-162.87933581e-030.00000000e+00 ]                 41
  820.000000   -6.26942862e-03   -1.06357618e-02    3.50207347e-01                 3 [ -5.43129172e-161.93060882e-030.00000000e+00 ]                 41
  830.000000   -5.91640812e-03   -9.74315092e-03    3.62177675e-01                 3 [ -1.42001813e-152.82321969e-030.00000000e+00 ]                 41
  840.000000   -6.10799717e-03   -1.05270116e-02    3.74576135e-01                 3 [ -1.38439737e-152.03935898e-030.00000000e+00 ]                 41
  850.000000   -6.17291788e-03   -1.05037330e-02    3.87306973e-01                 3 [ 8.61912563e-162.06263759e-030.00000000e+00 ]                 41
  860.000000   -6.32555620e-03   -1.02700328e-02    4.00374500e-01                 3 [ -9.29438665e-162.29633777e-030.00000000e+00 ]                 41
  870.000000   -6.40062637e-03   -1.06886274e-02    4.13785734e-01                 3 [ -1.11380629e-151.87774325e-030.00000000e+00 ]                 41
  880.000000   -6.69971925e-03   -1.02848303e-02    4.27513402e-01                 3 [ -3.08103629e-162.28154036e-030.00000000e+00 ]                 41
  890.000000   -6.84354035e-03   -1.05977146e-02    4.41593249e-01                 3 [ 4.98021174e-161.96865601e-030.00000000e+00 ]                 41
  900.000000   -7.24155324e-03   -1.04080727e-02    4.55993077e-01                 3 [ -4.61141095e-162.15829793e-030.00000000e+00 ]                 41
  910.000000   -8.32195811e-03   -1.10121878e-02    4.70729557e-01                 3 [ -5.70108972e-161.55418282e-030.00000000e+00 ]                 41
  920.000000   -5.69587850e-03   -1.07855972e-02    4.85764468e-01                 3 [ -4.84303211e-161.78077339e-030.00000000e+00 ]                 41
  930.000000   -1.12443773e-02    4.23659434e-03    5.02074063e-01                 3 [ -1.21099369e-151.68029650e-020.00000000e+00 ]                 11
  940.000000   -2.55259517e-02    4.61064740e-02    5.16367646e-01                 3 [ 6.80409761e-165.86728446e-020.00000000e+00 ]                 41
  950.000000   -5.13278289e-02    1.70957662e-02    5.25592966e-01                 3 [ -1.65830618e-152.96621368e-020.00000000e+00 ]                 41
  960.000000   -6.49302393e-02   -6.00741335e-02    5.39003467e-01                 3 [ -9.01205151e-16-4.75077629e-020.00000000e+00 ]                 41
  970.000000   -8.47020013e-02    8.42005273e-03    5.49548699e-01                 3 [ -1.80415217e-152.09864233e-020.00000000e+00 ]                 41
  980.000000   -8.31523092e-02    4.71091066e-03    5.62423897e-01                 3 [ -1.05198485e-151.72772813e-020.00000000e+00 ]                 41
  990.000000   -6.92922838e-02   -1.24085091e-02    5.78000462e-01                 3 [ 2.42907026e-161.57861554e-040.00000000e+00 ]                 41
 1000.000000   -6.25606884e-02   -8.70720530e-04    5.91323516e-01                 3 [ -1.87620508e-151.16956501e-020.00000000e+00 ]                 41
 1010.000000   -4.50983345e-02   -3.00817879e-03    6.05447761e-01                 3 [ -1.19729462e-159.55819182e-030.00000000e+00 ]                 41
 1020.000000   -2.94202536e-02   -4.53814880e-02    6.19917664e-01                 3 [ -1.91953717e-15-3.28151174e-020.00000000e+00 ]                 41
 1030.000000   -1.58049680e-02   -2.12151926e-03    6.32754048e-01                 3 [ -2.09401908e-151.04448514e-020.00000000e+00 ]                 41
 1040.000000    1.24652399e-03   -1.81955002e-02    6.45989378e-01                 3 [ -1.02928998e-15-5.62912962e-030.00000000e+00 ]                 41
 1050.000000    6.53483758e-03   -2.10186957e-02    6.59006903e-01                 3 [ -1.81446824e-15-8.45232513e-030.00000000e+00 ]                 41
 1060.000000   -2.04992355e-03   -8.99930288e-03    6.71549303e-01                 3 [ -2.04946504e-153.56706773e-030.00000000e+00 ]                 41
 1070.000000   -1.25729113e-03   -2.60725619e-02    6.84209940e-01                 3 [ -1.57068517e-15-1.35061913e-020.00000000e+00 ]                 41
 1080.000000   -3.62356808e-03   -1.36152733e-02    6.95904127e-01                 3 [ -2.99577296e-15-1.04890273e-030.00000000e+00 ]                 41
 1090.000000   -3.27511941e-03   -1.27617540e-02    7.07381014e-01                 3 [ -2.00514446e-15-1.95383339e-040.00000000e+00 ]                 41
 1100.000000   -3.56709218e-03   -9.76470457e-03    7.18302831e-01                 3 [ -2.86192337e-152.80166604e-030.00000000e+00 ]                 41
 1110.000000   -3.68736869e-03   -1.52258365e-02    7.29088530e-01                 3 [ -1.91972680e-15-2.65946591e-030.00000000e+00 ]                 41
 1120.000000   -3.24175591e-03   -1.50907431e-02    7.39824922e-01                 3 [ -2.93799487e-15-2.52437245e-030.00000000e+00 ]                 41
 1130.000000   -3.89832821e-03   -1.19169652e-02    7.50681896e-01                 3 [ -2.43730424e-156.49405442e-040.00000000e+00 ]                 41
 1140.000000   -4.62230978e-03   -1.09932899e-02    7.61691037e-01                 3 [ -2.21751404e-151.57308072e-030.00000000e+00 ]                 41
 1150.000000   -4.17337485e-03   -1.16709689e-02    7.72757555e-01                 3 [ -3.05048021e-158.95401744e-040.00000000e+00 ]                 41
 1160.000000   -3.90269423e-03   -1.20726899e-02    7.83869958e-01                 3 [ -3.08335496e-154.93680698e-040.00000000e+00 ]                 41
 1170.000000   -4.19429153e-03   -1.14236497e-02    7.95120522e-01                 3 [ -2.10487963e-151.14272093e-030.00000000e+00 ]                 41
 1180.000000   -5.09462968e-03   -1.06437290e-02    8.06632642e-01                 3 [ -2.81869144e-151.92264162e-030.00000000e+00 ]                 41
 1190.000000   -4.33326134e-03   -1.15120801e-02    8.18435132e-01                 3 [ -3.46879331e-151.05429051e-030.00000000e+00 ]                 41
 1200.000000   -4.13310235e-03   -1.23723761e-02    8.30371438e-01                 3 [ -2.98732297e-151.93994541e-040.00000000e+00 ]                 41
 1210.000000   -4.75872176e-03   -1.17532514e-02    8.42352037e-01                 3 [ -2.88343187e-158.13119254e-040.00000000e+00 ]                 41
 1220.000000   -4.89412933e-03   -1.07490531e-02    8.54491235e-01                 3 [ -2.15179338e-151.81731750e-030.00000000e+00 ]                 41
 1230.000000   -4.88473562e-03   -1.03769762e-02    8.66932099e-01                 3 [ -1.08839548e-152.18939443e-030.00000000e+00 ]                 41
 1240.000000   -4.76368692e-03   -1.01645595e-02    8.79730259e-01                 3 [ -3.40663041e-152.40181110e-030.00000000e+00 ]                 41
 1250.000000   -5.27838993e-03   -1.01460503e-02    8.92911494e-01                 3 [ -3.35576714e-152.42032027e-030.00000000e+00 ]                 41
 1260.000000   -5.90294973e-03   -9.99208935e-03    9.06484719e-01                 3 [ -3.66227506e-152.57428126e-030.00000000e+00 ]                 41
 1270.000000   -5.69844389e-03   -9.79718329e-03    9.20480666e-01                 3 [ -2.78239836e-152.76918733e-030.00000000e+00 ]                 41
 1280.000000   -5.88872560e-03   -1.02666971e-02    9.34912568e-01                 3 [ -3.66455914e-152.29967355e-030.00000000e+00 ]                 41
 1290.000000   -6.12124126e-03   -1.09343084e-02    9.49701260e-01                 3 [ -4.83925508e-151.63206218e-030.00000000e+00 ]                 41
 1300.000000   -5.83360988e-03   -1.07999654e-02    9.64760802e-01                 3 [ -3.87550671e-151.76640522e-030.00000000e+00 ]                 41
 1310.000000   -6.19779551e-03   -9.95903850e-03    9.80124580e-01                 3 [ -4.05059223e-152.60733212e-030.00000000e+00 ]                 41
 1320.000000   -7.23677361e-03   -9.00917255e-03    9.95924433e-01                 3 [ -2.59732510e-153.55719807e-030.00000000e+00 ]                 41
 1330.000000   -7.43342738e-03   -8.44748263e-03    1.01230359e+00                 3 [ -4.01016992e-154.11888798e-030.00000000e+00 ]                 41
 1340.000000   -8.06360347e-03   -8.83369711e-03    1.02933027e+00                 3 [ -2.42025795e-153.73267351e-030.00000000e+00 ]                 41
 1350.000000   -9.06807535e-03   -9.64196556e-03    1.04694010e+00                 3 [ -2.97704383e-152.92440505e-030.00000000e+00 ]                 41
 1360.000000   -9.56715294e-03   -1.04821218e-02    1.06500675e+00                 3 [ -2.73044670e-152.08424886e-030.00000000e+00 ]                 41
 1370.000000   -1.03008729e-02   -1.11462257e-02    1.08339981e+00                 3 [ -1.78102251e-151.42014493e-030.00000000e+00 ]                 41
 1380.000000   -1.10567895e-02   -1.13477127e-02    1.10202532e+00                 3 [ -3.17115519e-151.21865788e-030.00000000e+00 ]                 41
 1390.000000   -1.20227735e-02   -1.14375913e-02    1.12084923e+00                 3 [ -2.53817160e-151.12877930e-030.00000000e+00 ]                 41
 1400.000000   -1.25603679e-02   -1.14813957e-02    1.13985697e+00                 3 [ -2.89512187e-151.08497496e-030.00000000e+00 ]                 41
 1410.000000   -1.28338901e-02   -1.15313966e-02    1.15904245e+00                 3 [ -3.93694333e-151.03497405e-030.00000000e+00 ]                 41
 1420.000000   -1.22205762e-02   -1.15456595e-02    1.17839854e+00                 3 [ -3.50953142e-151.02071109e-030.00000000e+00 ]                 41
 1430.000000   -1.14526330e-02   -1.12362818e-02    1.19792981e+00                 3 [ -4.09274631e-151.33008878e-030.00000000e+00 ]                 41
 1440.000000   -1.02677168e-02   -1.06784472e-02    1.21768945e+00                 3 [ -3.56390224e-151.88792338e-030.00000000e+00 ]                 41
 1450.000000   -8.30447421e-03   -1.02918190e-02    1.23776066e+00                 3 [ -4.54867895e-152.27455160e-030.00000000e+00 ]                 41
 1460.000000   -6.06192365e-03   -1.01457300e-02    1.25819979e+00                 3 [ -5.20013792e-152.42064064e-030.00000000e+00 ]                 41
 1470.000000   -3.88649146e-03   -9.85405957e-03    1.27903647e+00                 3 [ -4.63632822e-152.71231105e-030.00000000e+00 ]                 21
 1480.000000   -1.70930845e-03   -9.66768169e-03    1.30031466e+00                 3 [ -2.87837741e-152.89868893e-030.00000000e+00 ]                 31
 1490.000000   -2.56971035e-03   -9.88271246e-03    1.32206250e+00                 3 [ -1.33701207e-152.68365815e-030.00000000e+00 ]                 31
 1500.000000   -1.93363208e-03   -1.26555554e-02    1.34409390e+00                 3 [ -3.67374283e-15-8.91848130e-050.00000000e+00 ]                 31
 1510.000000   -2.63498991e-03   -1.25922657e-02    1.36615083e+00                 3 [ -1.99692803e-15-2.58950552e-050.00000000e+00 ]                 31
 1520.000000   -5.59558397e-03   -1.18087958e-02    1.38826796e+00                 3 [ -1.63868148e-157.57574832e-040.00000000e+00 ]                 31
 1530.000000   -4.77168194e-03   -1.08557324e-02    1.41056247e+00                 3 [ -2.12805021e-151.71063820e-030.00000000e+00 ]                 31
 1540.000000   -5.54194675e-03   -1.03960160e-02    1.43313925e+00                 3 [ -2.85392632e-152.17035463e-030.00000000e+00 ]                 31
 1550.000000   -6.59810031e-03   -1.09305000e-02    1.45604376e+00                 3 [ -2.21633487e-151.63587063e-030.00000000e+00 ]                 31
 1560.000000   -8.46544112e-03   -1.20639383e-02    1.47918962e+00                 3 [ -2.05680331e-155.02432270e-040.00000000e+00 ]                 31
 1570.000000   -6.46502904e-03   -1.88326476e-03    1.50276486e+00                 3 [ -2.21077209e-151.06831059e-020.00000000e+00 ]                 21
 1580.000000   -9.16037913e-03    4.50067429e-03    1.52419763e+00                 3 [ -2.10395811e-161.70670449e-020.00000000e+00 ]                 41
 1590.000000   -1.24670568e-02    8.04680756e-03    1.54503711e+00                 3 [ -2.28515555e-152.06131782e-020.00000000e+00 ]                 41
 1600.000000   -1.43552211e-02    3.30021063e-03    1.56900799e+00                 3 [ -1.61726626e-151.58665812e-020.00000000e+00 ]                 41
 1610.000000   -1.40089367e-02   -7.53635319e-02    1.59521100e+00                 3 [ -1.08429005e-15-6.27971613e-020.00000000e+00 ]                 41
 1620.000000   -2.44129663e-02   -1.56750938e-03    1.61656716e+00                 3 [ -2.12884243e-151.09988612e-020.00000000e+00 ]                 41
 1630.000000   -2.00566797e-02   -1.08151447e-03    1.63883440e+00                 3 [ -1.73945331e-151.14848561e-020.00000000e+00 ]                 41
 1640.000000   -2.27127298e-02   -4.88346261e-03    1.66285272e+00                 3 [ -2.92089444e-157.68290800e-030.00000000e+00 ]                 41
 1650.000000   -1.94293442e-02   -8.93466069e-03    1.68802986e+00                 3 [ -4.28375055e-163.63170992e-030.00000000e+00 ]                 41
 1660.000000   -1.53924821e-02   -6.58074212e-02    1.71346093e+00                 3 [ -8.96044815e-16-5.32410505e-020.00000000e+00 ]                 41
 1670.000000   -1.53799409e-02   -2.89444450e-03    1.73642811e+00                 3 [ -2.15220738e-159.67192611e-030.00000000e+00 ]                 41
 1680.000000   -1.11290008e-02   -2.74566643e-04    1.76089463e+00                 3 [ -1.02681781e-151.22918040e-020.00000000e+00 ]                 41
 1690.000000   -1.07649394e-02    6.37596378e-03    1.78502113e+00                 3 [ -7.45615482e-161.89423344e-020.00000000e+00 ]                 41
 1700.000000   -6.11753125e-03   -2.86722782e-02    1.80948206e+00                 3 [ -1.63487947e-17-1.61059076e-020.00000000e+00 ]                 41
 1710.000000   -5.89720066e-03    3.20077824e-03    1.83352097e+00                 3 [ 6.94250716e-161.57671489e-020.00000000e+00 ]                 41
 1720.000000   -3.39574394e-03   -4.37985419e-03    1.85827927e+00                 3 [ 1.73160031e-158.18651642e-030.00000000e+00 ]                 41
 1730.000000   -2.78402814e-03   -2.25480643e-02    1.88344102e+00                 3 [ -7.06181427e-17-9.98169364e-030.00000000e+00 ]                 41
 1740.000000   -1.83425197e-03   -1.58217467e-02    1.90868554e+00                 3 [ 1.81672421e-15-3.25537607e-030.00000000e+00 ]                 41
 1750.000000   -4.06690051e-03   -8.50850586e-03    1.93405456e+00                 3 [ 9.26749759e-164.05786476e-030.00000000e+00 ]                 41
 1760.000000   -6.06191968e-03   -8.39986802e-03    1.95957655e+00                 3 [ 1.62269183e-154.16650260e-030.00000000e+00 ]                 41
 1770.000000   -6.87163268e-03   -1.15041664e-02    1.98527971e+00                 3 [ 2.10893723e-151.06220424e-030.00000000e+00 ]                 41
 1780.000000   -8.92087792e-03   -1.27822423e-02    2.01118172e+00                 3 [ 1.17269530e-15-2.15871683e-040.00000000e+00 ]                 41
 1790.000000   -1.05006279e-02   -1.17260661e-02    2.03728624e+00                 3 [ 3.52343199e-158.40304493e-040.00000000e+00 ]                 41
 1800.000000   -1.15234294e-02   -1.09057575e-02    2.06359881e+00                 3 [ 2.87826602e-151.66061307e-030.00000000e+00 ]                 41
 1810.000000   -1.16461347e-02   -1.07619074e-02    2.09010830e+00                 3 [ 2.21004533e-151.80446317e-030.00000000e+00 ]                 41
 1820.000000   -1.26034053e-02   -1.03707440e-02    2.11686119e+00                 3 [ -2.89657316e-162.19562661e-030.00000000e+00 ]                 41
 1830.000000   -1.30706240e-02   -1.01598141e-02    2.14397416e+00                 3 [ 9.19572849e-172.40655655e-030.00000000e+00 ]                 41
 1840.000000   -1.10553517e-02   -9.83670049e-03    2.17150526e+00                 3 [ -1.05661219e-152.72967013e-030.00000000e+00 ]                 41
 1850.000000   -8.74744945e-03   -9.58955789e-03    2.19948546e+00                 3 [ -5.91415344e-172.97681273e-030.00000000e+00 ]                 41
 1860.000000   -7.31370702e-03   -1.01369827e-02    2.22791844e+00                 3 [ -6.68373370e-162.42938792e-030.00000000e+00 ]                 41
 1870.000000   -4.96790691e-03   -1.23903599e-01    2.25558306e+00                 3 [ -6.95162057e-17-1.11337229e-010.00000000e+00 ]                 41
 1880.000000   -1.52608936e-02    1.15535178e-02    2.27583993e+00                 3 [ -4.95937791e-162.41198884e-020.00000000e+00 ]                 41
 1890.000000   -1.03647775e-02   -3.29366527e-02    2.29809029e+00                 3 [ -7.20841555e-16-2.03702821e-020.00000000e+00 ]                 41
 1900.000000   -1.38851171e-02   -3.70107023e-03    2.32065907e+00                 3 [ -1.28363583e-158.86530038e-030.00000000e+00 ]                 41
 1910.000000   -1.85331234e-02    2.28660673e-03    2.34384761e+00                 3 [ -1.72473399e-151.48529773e-020.00000000e+00 ]                 41
 1920.000000   -1.78068647e-02   -7.81435102e-03    2.36760797e+00                 3 [ -1.55775548e-154.75201959e-030.00000000e+00 ]                 41
 1930.000000   -1.72940132e-02   -1.67424139e-02    2.39165259e+00                 3 [ -3.30882664e-15-4.17604324e-030.00000000e+00 ]                 41
 1940.000000   -1.67937713e-02   -1.53779409e-02    2.41596556e+00                 3 [ -1.98306427e-15-2.81157025e-030.00000000e+00 ]                 41
 1950.000000   -1.70797991e-02   -1.12231973e-02    2.44045157e+00                 3 [ -2.62593851e-151.34317327e-030.00000000e+00 ]                 41
 1960.000000   -1.83176990e-02   -9.81597911e-03    2.46499617e+00                 3 [ -1.67316779e-152.75039151e-030.00000000e+00 ]                 41
 1970.000000   -7.85643570e-03   -1.12542642e-02    2.48958083e+00                 3 [ -2.77814350e-151.31210643e-030.00000000e+00 ]                 21
 1980.000000   -7.05070424e-03   -1.88561680e-01    2.51493680e+00                 3 [ -2.45583767e-15-1.75995310e-010.00000000e+00 ]                 31
 1990.000000   -1.24659366e-02    1.61567362e-04    2.53672669e+00                 3 [ -3.42159467e-151.27279380e-020.00000000e+00 ]                 41
 2000.000000   -6.74057394e-03   -2.40977073e-03    2.56040223e+00                 3 [ -1.80997743e-151.01565999e-020.00000000e+00 ]                 41
 2010.000000   -1.06473926e-02   -6.29523896e-03    2.58564121e+00                 3 [ -1.42104875e-156.27113166e-030.00000000e+00 ]                 41
 2020.000000   -9.17492050e-03   -8.07321202e-03    2.61187508e+00                 3 [ -1.05508076e-154.49315860e-030.00000000e+00 ]                 41
 2030.000000   -7.19284148e-03   -6.48332937e-02    2.63847924e+00                 3 [ -2.76119485e-15-5.22669231e-020.00000000e+00 ]                 41
 2040.000000   -1.01155213e-02   -9.16995497e-04    2.66293686e+00                 3 [ -1.61649081e-151.16493751e-020.00000000e+00 ]                 41
 2050.000000   -7.47759938e-03    1.68221981e-03    2.68922635e+00                 3 [ -1.72935540e-151.42485904e-020.00000000e+00 ]                 41
 2060.000000   -1.06597727e-02    8.48476617e-03    2.71558728e+00                 3 [ -3.43709490e-152.10511368e-020.00000000e+00 ]                 41
 2070.000000   -9.35164379e-03   -3.04259984e-02    2.74230900e+00                 3 [ -2.83657152e-15-1.78596278e-020.00000000e+00 ]                 41
 2080.000000   -8.98914374e-03    3.00249527e-03    2.76829863e+00                 3 [ -4.11270327e-151.55688659e-020.00000000e+00 ]                 41
 2090.000000   -1.31247133e-02   -1.07472533e-03    2.79449951e+00                 3 [ -3.90921163e-151.14916453e-020.00000000e+00 ]                 41
 2100.000000   -1.22952758e-02   -1.54868792e-02    2.82087406e+00                 3 [ -3.94335744e-15-2.92050862e-030.00000000e+00 ]                 41
 2110.000000   -1.34842764e-02   -1.64414240e-02    2.84753952e+00                 3 [ -4.49020254e-15-3.87505340e-030.00000000e+00 ]                 41
 2120.000000   -1.33970595e-02   -1.08592218e-02    2.87461678e+00                 3 [ -3.23154653e-151.70714878e-030.00000000e+00 ]                 41
 2130.000000   -1.30724087e-02   -8.63152711e-03    2.90205625e+00                 3 [ -4.52696960e-153.93484350e-030.00000000e+00 ]                 41
 2140.000000   -1.31307572e-02   -1.01355476e-02    2.92970583e+00                 3 [ -4.05762727e-152.43082306e-030.00000000e+00 ]                 41
 2150.000000   -1.25928754e-02   -1.23116191e-02    2.95753242e+00                 3 [ -5.58952277e-152.54751563e-040.00000000e+00 ]                 41
 2160.000000   -1.17370333e-02   -1.29426168e-02    2.98552096e+00                 3 [ -3.36955461e-15-3.76246152e-040.00000000e+00 ]                 41
 2170.000000   -1.08352050e-02   -1.24288680e-02    3.01358942e+00                 3 [ -6.30854257e-151.37502654e-040.00000000e+00 ]                 41
 2180.000000   -9.37836670e-03   -1.19386200e-02    3.04167992e+00                 3 [ -5.31019828e-156.27750597e-040.00000000e+00 ]                 41
 2190.000000   -8.58467941e-03   -1.13293323e-02    3.06982858e+00                 3 [ -4.40799879e-151.23703829e-030.00000000e+00 ]                 41
 2200.000000   -7.93306215e-03   -2.30955294e-02    3.09814256e+00                 3 [ -5.83725365e-15-1.05291587e-020.00000000e+00 ]                 41
 2210.000000   -8.64477672e-03   -5.73908026e-04    3.12473405e+00                 3 [ -7.62876410e-151.19924626e-020.00000000e+00 ]                 41
 2220.000000   -7.10586277e-03   -1.31460014e-02    3.15165374e+00                 3 [ -6.86756664e-15-5.79630775e-040.00000000e+00 ]                 41
 2230.000000   -7.00430157e-03   -1.49760739e-02    3.17894086e+00                 3 [ -7.28899761e-15-2.40970331e-030.00000000e+00 ]                 41
 2240.000000   -8.19767106e-03   -1.09916586e-02    3.20647767e+00                 3 [ -7.98372876e-151.57471198e-030.00000000e+00 ]                 41
 2250.000000   -8.45323333e-03   -8.25344924e-03    3.23433941e+00                 3 [ -7.67543096e-154.31292138e-030.00000000e+00 ]                 41
 2260.000000   -7.67695603e-03   -7.95462027e-03    3.26267019e+00                 3 [ -7.21213779e-154.61175034e-030.00000000e+00 ]                 41
 2270.000000   -7.32165688e-03   -9.44632626e-03    3.29160191e+00                 3 [ -7.16813681e-153.12004435e-030.00000000e+00 ]                 41
 2280.000000   -6.97047321e-03   -3.83059332e-02    3.32074615e+00                 3 [ -6.61752802e-15-2.57395626e-020.00000000e+00 ]                 41
 2290.000000   -1.04178335e-02   -4.52657262e-03    3.34831677e+00                 3 [ -7.49984227e-158.03979799e-030.00000000e+00 ]                 41
 2300.000000   -1.23747134e-02   -7.79396628e-03    3.37634869e+00                 3 [ -8.48825878e-154.77240434e-030.00000000e+00 ]                 41
 2310.000000   -1.34175060e-02   -1.21891462e-02    3.40466838e+00                 3 [ -9.92502767e-153.77224409e-040.00000000e+00 ]                 41
 2320.000000   -1.62183292e-02   -1.34700626e-02    3.43314844e+00                 3 [ -8.64790485e-15-9.03691993e-040.00000000e+00 ]                 41
 2330.000000   -1.92690347e-02   -1.17205497e-02    3.46175462e+00                 3 [ -9.10265566e-158.45820920e-040.00000000e+00 ]                 41
 2340.000000   -7.21668338e-03    1.55473442e-03    3.49054183e+00                 3 [ -9.57133763e-151.41211050e-020.00000000e+00 ]                 11
 2350.000000   -3.72688080e-03   -9.88601963e-02    3.51987137e+00                 3 [ -9.72689141e-15-8.62938257e-020.00000000e+00 ]                 41
 2360.000000   -1.21956645e-02    1.52046575e-03    3.54661239e+00                 3 [ -8.38939950e-151.40868364e-020.00000000e+00 ]                 41
 2370.000000   -1.05920631e-02    2.07923198e-05    3.57558820e+00                 3 [ -8.55922092e-151.25871629e-020.00000000e+00 ]                 41
 2380.000000   -1.07286825e-02   -4.42413243e-03    3.60649128e+00                 3 [ -8.93490079e-158.14223818e-030.00000000e+00 ]                 41
 2390.000000   -1.47072113e-02    2.89344188e-03    3.63619086e+00                 3 [ -9.20742474e-151.54598125e-020.00000000e+00 ]                 41
 2400.000000   -1.12730201e-02   -1.43236388e-03    3.66469816e+00                 3 [ -9.68618682e-151.11340067e-020.00000000e+00 ]                 41
 2410.000000   -1.40989920e-02   -1.50685202e-03    3.69495727e+00                 3 [ -9.53705312e-151.10595186e-020.00000000e+00 ]                 41
 2420.000000   -1.02735617e-02   -6.54525898e-02    3.72639068e+00                 3 [ -1.04858334e-14-5.28862191e-020.00000000e+00 ]                 41
 2430.000000   -1.32687307e-02    9.14976007e-04    3.75593387e+00                 3 [ -1.16814005e-141.34813466e-020.00000000e+00 ]                 41
 2440.000000   -8.71715258e-03   -4.61726472e-02    3.78738857e+00                 3 [ -9.56748738e-15-3.36062766e-020.00000000e+00 ]                 41
 2450.000000   -1.13490202e-02    2.59995959e-03    3.81766906e+00                 3 [ -9.56460289e-151.51663302e-020.00000000e+00 ]                 41
 2460.000000   -1.14293353e-02    3.96823490e-03    3.84752661e+00                 3 [ -9.99898977e-151.65346055e-020.00000000e+00 ]                 41
 2470.000000   -1.07885588e-02   -1.10191501e-02    3.87726651e+00                 3 [ -9.89423784e-151.54722051e-030.00000000e+00 ]                 41
 2480.000000   -1.12440162e-02   -1.73476700e-02    3.90730939e+00                 3 [ -8.46036196e-15-4.78129939e-030.00000000e+00 ]                 41
 2490.000000   -1.18193445e-02   -1.33008557e-02    3.93758979e+00                 3 [ -9.04328620e-15-7.34485037e-040.00000000e+00 ]                 41
 2500.000000   -1.19131666e-02   -9.22010762e-03    3.96813674e+00                 3 [ -9.68926971e-153.34626299e-030.00000000e+00 ]                 41
 2510.000000   -1.17685979e-02   -9.81565125e-03    3.99845197e+00                 3 [ -1.00736358e-142.75071937e-030.00000000e+00 ]                 41
 2520.000000   -1.08535605e-02   -1.16127571e-02    4.02886912e+00                 3 [ -9.38885878e-159.53613484e-040.00000000e+00 ]                 41
 2530.000000   -9.98031313e-03   -1.16889120e-02    4.05968190e+00                 3 [ -9.68272627e-158.77458579e-040.00000000e+00 ]                 41
 2540.000000   -8.22659976e-03   -1.40047666e-02    4.09060611e+00                 3 [ -9.48776173e-15-1.43839602e-030.00000000e+00 ]                 41
 2550.000000   -7.36879905e-03   -1.28750239e-02    4.12150172e+00                 3 [ -1.18889775e-14-3.08653298e-040.00000000e+00 ]                 41
 2560.000000   -7.05863191e-03   -1.08201985e-02    4.15249890e+00                 3 [ -1.28920530e-141.74617216e-030.00000000e+00 ]                 41
 2570.000000   -6.04293277e-03   -1.03331302e-02    4.18369919e+00                 3 [ -1.22303536e-142.23324037e-030.00000000e+00 ]                 41
 2580.000000   -4.64952572e-03   -1.04659983e-02    4.21518034e+00                 3 [ -1.27879535e-142.10037229e-030.00000000e+00 ]                 41
 2590.000000   -4.42607663e-03   -1.01841914e-02    4.24701476e+00                 3 [ -1.27365646e-142.38217923e-030.00000000e+00 ]                 41
 2600.000000   -4.56464899e-03   -9.68878045e-03    4.27927862e+00                 3 [ -1.34056262e-142.87759016e-030.00000000e+00 ]                 41
 2610.000000   -3.54679175e-03   -2.50804129e-02    4.31179865e+00                 3 [ -1.20175362e-14-1.25140423e-020.00000000e+00 ]                 41
 2620.000000   -5.16143050e-03   -6.27989054e-03    4.34368231e+00                 3 [ -1.10738957e-146.28648008e-030.00000000e+00 ]                 41
 2630.000000   -7.51435196e-03   -9.02591938e-03    4.37615684e+00                 3 [ -1.27517104e-143.54045123e-030.00000000e+00 ]                 41
 2640.000000   -8.05107680e-03   -1.90557586e-02    4.40896888e+00                 3 [ -1.31089515e-14-6.48938801e-030.00000000e+00 ]                 41
 2650.000000   -1.17302087e-02   -9.30303859e-03    4.44135835e+00                 3 [ -1.40997377e-143.26333203e-030.00000000e+00 ]                 41
 2660.000000   -1.50121628e-02   -1.25100675e-02    4.47397123e+00                 3 [ -1.35476886e-145.63031543e-050.00000000e+00 ]                 41
 2670.000000   -7.26300736e-03   -7.24237572e-04    4.50701775e+00                 3 [ -1.22181883e-141.18421330e-020.00000000e+00 ]                 11
 2680.000000   -1.12894335e-02    1.56876098e-03    4.53884736e+00                 3 [ -1.38586790e-141.41351316e-020.00000000e+00 ]                 41
 2690.000000   -1.21741096e-02   -3.11925811e-02    4.57160607e+00                 3 [ -1.47340845e-14-1.86262105e-020.00000000e+00 ]                 41
 2700.000000   -1.54237783e-02   -4.03541129e-04    4.60337755e+00                 3 [ -1.35861422e-141.21628295e-020.00000000e+00 ]                 41
 2710.000000   -1.45539833e-02   -2.72812314e-02    4.63649139e+00                 3 [ -1.47213831e-14-1.47148608e-020.00000000e+00 ]                 41
 2720.000000   -1.67078843e-02   -1.48588812e-03    4.66904833e+00                 3 [ -1.45029132e-141.10804825e-020.00000000e+00 ]                 41
 2730.000000   -1.47803940e-02   -1.69500296e-02    4.70223985e+00                 3 [ -1.43110439e-14-4.38365895e-030.00000000e+00 ]                 41
 2740.000000   -1.45329798e-02   -2.28749938e-02    4.73551374e+00                 3 [ -1.37548507e-14-1.03086231e-020.00000000e+00 ]                 41
 2750.000000   -1.27167815e-02   -1.22385100e-02    4.76884014e+00                 3 [ -1.33834649e-143.27860590e-040.00000000e+00 ]                 41
 2760.000000   -1.10716954e-02   -7.12451439e-03    4.80230829e+00                 3 [ -1.37895628e-145.44185622e-030.00000000e+00 ]                 41
 2770.000000   -9.21033371e-03   -9.44502512e-03    4.83591433e+00                 3 [ -1.51366602e-143.12134549e-030.00000000e+00 ]                 41
 2780.000000   -7.66573548e-03   -1.24808178e-02    4.86967110e+00                 3 [ -1.36919916e-148.55528328e-050.00000000e+00 ]                 41
 2790.000000   -6.40068239e-03   -1.23902653e-02    4.90363573e+00                 3 [ -1.56099438e-141.76105292e-040.00000000e+00 ]                 41
 2800.000000   -5.56166095e-03   -1.12210237e-02    4.93785997e+00                 3 [ -1.43333971e-141.34534688e-030.00000000e+00 ]                 41
 2810.000000   -4.78032607e-03   -1.08049009e-02    4.97231184e+00                 3 [ -1.44153442e-141.76146975e-030.00000000e+00 ]                 41
 2820.000000   -4.22004615e-03   -1.10206894e-02    5.00695344e+00                 3 [ -1.46236136e-141.54568117e-030.00000000e+00 ]                 41
 2830.000000   -4.44676809e-03   -1.10534873e-02    5.04180786e+00                 3 [ -1.37225093e-141.51288328e-030.00000000e+00 ]                 41
 2840.000000   -4.73184388e-03   -1.06053332e-02    5.07694419e+00                 3 [ -1.39013256e-141.96103744e-030.00000000e+00 ]                 41
 2850.000000   -5.13855347e-03   -1.02104556e-02    5.11243123e+00                 3 [ -1.52899695e-142.35591500e-030.00000000e+00 ]                 41
 2860.000000   -5.64358901e-03   -1.01191297e-02    5.14829903e+00                 3 [ -1.51935018e-142.44724088e-030.00000000e+00 ]                 41
 2870.000000   -5.76872297e-03   -3.54939172e-02    5.18439434e+00                 3 [ -1.58289574e-14-2.29275466e-020.00000000e+00 ]                 41
 2880.000000   -9.54003029e-03    9.51659814e-04    5.21862319e+00                 3 [ -1.49467676e-141.35180304e-020.00000000e+00 ]                 41
 2890.000000   -9.10197539e-03   -6.48539707e-03    5.25343310e+00                 3 [ -1.68621966e-146.08097354e-030.00000000e+00 ]                 41
 2900.000000   -8.52101830e-03   -1.21784332e-02    5.28884642e+00                 3 [ -1.50235404e-143.87937437e-040.00000000e+00 ]                 41
 2910.000000   -8.95693565e-03   -1.23824678e-02    5.32474197e+00                 3 [ -1.46960212e-141.83902820e-040.00000000e+00 ]                 41
 2920.000000   -9.68742831e-03   -1.10273670e-02    5.36100968e+00                 3 [ -1.46466726e-141.53900363e-030.00000000e+00 ]                 41
 2930.000000   -9.22110691e-03   -1.05192115e-02    5.39752743e+00                 3 [ -1.48480331e-142.04715912e-030.00000000e+00 ]                 41
 2940.000000   -1.00944462e-02   -1.09667617e-02    5.43424146e+00                 3 [ -1.52604094e-141.59960893e-030.00000000e+00 ]                 41
 2950.000000   -1.03869400e-02   -1.38578632e-02    5.47114358e+00                 3 [ -1.71521218e-14-1.29149262e-030.00000000e+00 ]                 41
 2960.000000   -7.10974856e-03    7.01277274e-04    5.50781743e+00                 3 [ -1.51716729e-141.32676479e-020.00000000e+00 ]                 11
 2970.000000   -9.16046309e-03    3.24984904e-03    5.54317116e+00                 3 [ -1.62574291e-141.58162197e-020.00000000e+00 ]                 41
 2980.000000   -8.84199414e-03   -4.31498506e-02    5.57913948e+00                 3 [ -1.58695119e-14-3.05834799e-020.00000000e+00 ]                 41
 2990.000000   -1.15029851e-02    1.66612130e-03    5.61462011e+00                 3 [ -1.57891183e-141.42324919e-020.00000000e+00 ]                 41
 3000.000000   -1.19995830e-02   -1.76230022e-03    5.65094525e+00                 3 [ -1.64858179e-141.08040704e-020.00000000e+00 ]                 41
 3010.000000   -1.19071289e-02   -2.69446926e-02    5.68769063e+00                 3 [ -1.57794710e-14-1.43783220e-020.00000000e+00 ]                 41
 3020.000000   -1.25920110e-02   -1.40804731e-02    5.72439020e+00                 3 [ -1.67855178e-14-1.51410253e-030.00000000e+00 ]                 41
 3030.000000   -1.28191453e-02   -6.02027323e-03    5.76119875e+00                 3 [ -1.55703104e-146.54609738e-030.00000000e+00 ]                 41
 3040.000000   -1.18418016e-02   -8.21731008e-03    5.79816377e+00                 3 [ -1.59743350e-144.34906053e-030.00000000e+00 ]                 41
 3050.000000   -1.14264438e-02   -1.25154865e-02    5.83527879e+00                 3 [ -1.52341053e-145.08841169e-050.00000000e+00 ]                 41
 3060.000000   -1.06210614e-02   -1.32910304e-02    5.87255448e+00                 3 [ -1.62389446e-14-7.24659792e-040.00000000e+00 ]                 41
 3070.000000   -9.33463449e-03   -1.17884212e-02    5.91001239e+00                 3 [ -1.77890012e-147.77949448e-040.00000000e+00 ]                 41
 3080.000000   -7.64670546e-03   -1.05493142e-02    5.94765902e+00                 3 [ -1.70631925e-142.01705641e-030.00000000e+00 ]                 41
 3090.000000   -6.04873438e-03   -1.05068925e-02    5.98552445e+00                 3 [ -1.64319859e-142.05947816e-030.00000000e+00 ]                 41
 3100.000000   -4.76329444e-03   -1.07208823e-02    6.02365173e+00                 3 [ -1.63547127e-141.84548833e-030.00000000e+00 ]                 41
 3110.000000   -3.57961830e-03   -1.06983048e-02    6.06209027e+00                 3 [ -1.79605561e-141.86806583e-030.00000000e+00 ]                 41
 3120.000000   -2.51230972e-03   -1.07316517e-02    6.10085523e+00                 3 [ -2.03717105e-141.83471890e-030.00000000e+00 ]                 41
 3130.000000   -2.05126034e-03   -1.05910972e-02    6.13992238e+00                 3 [ -1.99887022e-141.97527344e-030.00000000e+00 ]                 41
 3140.000000   -2.54352596e-03   -1.03826232e-02    6.17929463e+00                 3 [ -1.76205261e-142.18374739e-030.00000000e+00 ]                 41
 3150.000000   -3.19764401e-03   -3.91678129e-02    6.21861329e+00                 3 [ -1.96813591e-14-2.66014423e-020.00000000e+00 ]                 41
 3160.000000   -6.50926323e-03   -4.74842444e-03    6.25642279e+00                 3 [ -1.90071342e-147.81794618e-030.00000000e+00 ]                 41
 3170.000000   -7.14933324e-03   -4.79710089e-03    6.29483771e+00                 3 [ -1.69259737e-147.76926973e-030.00000000e+00 ]                 41
 3180.000000   -8.12037742e-03   -9.33828737e-03    6.33380471e+00                 3 [ -1.87576507e-143.22808324e-030.00000000e+00 ]                 41
 3190.000000   -1.13934990e-02   -1.25562836e-02    6.37321165e+00                 3 [ -2.00994265e-141.00870451e-050.00000000e+00 ]                 41
 3200.000000   -1.40879417e-02   -1.21729715e-02    6.41290149e+00                 3 [ -2.16617634e-143.93399127e-040.00000000e+00 ]                 41
 3210.000000   -1.56855905e-02   -1.03997857e-02    6.45284521e+00                 3 [ -1.91017227e-142.16658491e-030.00000000e+00 ]                 41
 3220.000000   -6.21116792e-03    7.44176697e-03    6.49295427e+00                 3 [ -1.89430088e-142.00081376e-020.00000000e+00 ]                 11
 3230.000000   -8.75261753e-03    7.34720093e-03    6.53225828e+00                 3 [ -1.92266164e-141.99135715e-020.00000000e+00 ]                 41
 3240.000000   -1.10254421e-02   -3.70725074e-02    6.57082473e+00                 3 [ -1.75897915e-14-2.45061367e-020.00000000e+00 ]                 41
 3250.000000   -1.23873378e-02    1.64522113e-03    6.60923092e+00                 3 [ -1.75731893e-141.42115917e-020.00000000e+00 ]                 41
 3260.000000   -1.39458161e-02    1.36809130e-03    6.64825945e+00                 3 [ -1.84815588e-141.39344619e-020.00000000e+00 ]                 41
 3270.000000   -1.38309131e-02   -1.50515172e-02    6.68782984e+00                 3 [ -1.81809926e-14-2.48514657e-030.00000000e+00 ]                 41
 3280.000000   -1.28343876e-02   -1.86114407e-02    6.72760845e+00                 3 [ -2.05122388e-14-6.04507011e-030.00000000e+00 ]                 41
 3290.000000   -1.24898909e-02   -1.31522562e-02    6.76750548e+00                 3 [ -1.97184267e-14-5.85885545e-040.00000000e+00 ]                 41
 3300.000000   -1.10567054e-02   -9.51340607e-03    6.80752306e+00                 3 [ -1.98165743e-143.05296454e-030.00000000e+00 ]                 41
 3310.000000   -9.74216568e-03   -1.03612596e-02    6.84764750e+00                 3 [ -2.04849236e-142.20511103e-030.00000000e+00 ]                 41
 3320.000000   -8.41710979e-03   -1.19503855e-02    6.88787386e+00                 3 [ -1.82777822e-146.15985106e-040.00000000e+00 ]                 41
 3330.000000   -7.55137791e-03   -1.19591906e-02    6.92826041e+00                 3 [ -1.85579913e-146.07180028e-040.00000000e+00 ]                 41
 3340.000000   -6.73165136e-03   -1.12284112e-02    6.96887798e+00                 3 [ -1.96946855e-141.33795942e-030.00000000e+00 ]                 41
 3350.000000   -5.38664756e-03   -1.07478683e-02    7.00974483e+00                 3 [ -2.08064278e-141.81850235e-030.00000000e+00 ]                 41
 3360.000000   -4.57565456e-03   -1.06507725e-02    7.05086522e+00                 3 [ -2.05826334e-141.91559810e-030.00000000e+00 ]                 41
 3370.000000   -4.11381710e-03   -1.06923591e-02    7.09226296e+00                 3 [ -2.01278151e-141.87401150e-030.00000000e+00 ]                 41
 3380.000000   -3.55682513e-03   -1.04746649e-02    7.13396902e+00                 3 [ -2.02377675e-142.09170572e-030.00000000e+00 ]                 41
 3390.000000   -3.29150878e-03   -1.01521848e-02    7.17603058e+00                 3 [ -2.05590812e-142.41418582e-030.00000000e+00 ]                 41
 3400.000000   -3.15952395e-03   -1.00822103e-02    7.21848124e+00                 3 [ -2.02915573e-142.48416036e-030.00000000e+00 ]                 41
 3410.000000   -3.03681027e-03   -9.98278806e-03    7.26132544e+00                 3 [ -1.99318058e-142.58358255e-030.00000000e+00 ]                 41
 3420.000000   -3.12916517e-03   -1.01770038e-02    7.30456815e+00                 3 [ -1.67035756e-142.38936680e-030.00000000e+00 ]                 41
 3430.000000   -3.53218441e-03   -1.07654220e-02    7.34818390e+00                 3 [ -1.85666657e-141.80094860e-030.00000000e+00 ]                 41
 3440.000000   -6.39339328e-03   -1.11313843e-02    7.39206757e+00                 3 [ -2.00855250e-141.43498636e-030.00000000e+00 ]                 41
 3450.000000   -6.88085174e-03   -2.30393296e-02    7.43611602e+00                 3 [ -2.05717105e-14-1.04729590e-020.00000000e+00 ]                 41
 3460.000000   -9.34000134e-03   -8.49093287e-04    7.47825770e+00                 3 [ -2.14442544e-141.17172773e-020.00000000e+00 ]                 41
 3470.000000   -3.75110072e-03   -1.05536242e-01    7.52110856e+00                 3 [ -2.14974904e-14-9.29698718e-020.00000000e+00 ]                 41
 3480.000000   -3.45953444e-03    6.18611397e-03    7.56285485e+00                 3 [ -1.99802667e-141.87524846e-020.00000000e+00 ]                 41
 3490.000000   -2.62238738e-03    4.39167166e-03    7.60743118e+00                 3 [ -2.06166905e-141.69580423e-020.00000000e+00 ]                 41
