Determining if the pthread_create exist failed with the following output:
Change Dir: /home/pzhang/chen/move-bed/CMakeFiles/CMakeTmp

Run Build Command:"/usr/bin/make" "cmTC_dff5f/fast"
/usr/bin/make -f CMakeFiles/cmTC_dff5f.dir/build.make CMakeFiles/cmTC_dff5f.dir/build
make[1]: Entering directory '/home/pzhang/chen/move-bed/CMakeFiles/CMakeTmp'
Building C object CMakeFiles/cmTC_dff5f.dir/CheckSymbolExists.c.o
/usr/bin/cc     -o CMakeFiles/cmTC_dff5f.dir/CheckSymbolExists.c.o   -c /home/pzhang/chen/move-bed/CMakeFiles/CMakeTmp/CheckSymbolExists.c
Linking C executable cmTC_dff5f
/usr/bin/cmake -E cmake_link_script CMakeFiles/cmTC_dff5f.dir/link.txt --verbose=1
/usr/bin/cc       CMakeFiles/cmTC_dff5f.dir/CheckSymbolExists.c.o  -o cmTC_dff5f -rdynamic 
CMakeFiles/cmTC_dff5f.dir/CheckSymbolExists.c.o: In function `main':
CheckSymbolExists.c:(.text+0x16): undefined reference to `pthread_create'
collect2: error: ld returned 1 exit status
CMakeFiles/cmTC_dff5f.dir/build.make:97: recipe for target 'cmTC_dff5f' failed
make[1]: *** [cmTC_dff5f] Error 1
make[1]: Leaving directory '/home/pzhang/chen/move-bed/CMakeFiles/CMakeTmp'
Makefile:126: recipe for target 'cmTC_dff5f/fast' failed
make: *** [cmTC_dff5f/fast] Error 2

File /home/pzhang/chen/move-bed/CMakeFiles/CMakeTmp/CheckSymbolExists.c:
/* */
#include <pthread.h>

int main(int argc, char** argv)
{
  (void)argv;
#ifndef pthread_create
  return ((int*)(&pthread_create))[argc];
#else
  (void)argc;
  return 0;
#endif
}

Determining if the function pthread_create exists in the pthreads failed with the following output:
Change Dir: /home/pzhang/chen/move-bed/CMakeFiles/CMakeTmp

Run Build Command:"/usr/bin/make" "cmTC_e01c9/fast"
/usr/bin/make -f CMakeFiles/cmTC_e01c9.dir/build.make CMakeFiles/cmTC_e01c9.dir/build
make[1]: Entering directory '/home/pzhang/chen/move-bed/CMakeFiles/CMakeTmp'
Building C object CMakeFiles/cmTC_e01c9.dir/CheckFunctionExists.c.o
/usr/bin/cc    -DCHECK_FUNCTION_EXISTS=pthread_create   -o CMakeFiles/cmTC_e01c9.dir/CheckFunctionExists.c.o   -c /usr/share/cmake-3.5/Modules/CheckFunctionExists.c
Linking C executable cmTC_e01c9
/usr/bin/cmake -E cmake_link_script CMakeFiles/cmTC_e01c9.dir/link.txt --verbose=1
/usr/bin/cc   -DCHECK_FUNCTION_EXISTS=pthread_create    CMakeFiles/cmTC_e01c9.dir/CheckFunctionExists.c.o  -o cmTC_e01c9 -rdynamic -lpthreads 
/usr/bin/ld: cannot find -lpthreads
collect2: error: ld returned 1 exit status
CMakeFiles/cmTC_e01c9.dir/build.make:97: recipe for target 'cmTC_e01c9' failed
make[1]: *** [cmTC_e01c9] Error 1
make[1]: Leaving directory '/home/pzhang/chen/move-bed/CMakeFiles/CMakeTmp'
Makefile:126: recipe for target 'cmTC_e01c9/fast' failed
make: *** [cmTC_e01c9/fast] Error 2


